Using pre-set license

 COMMAND LINE ARGUMENTS:
/Applications/2020.3.3f1/Unity.app/Contents/MacOS/Unity
-adb2
-batchMode
-noUpm
-name
AssetImportWorker0
-projectPath
/Users/abedassa/Desktop/ZZ/TicTacToe
-logFile
Logs/AssetImportWorker0.log
-srvPort
63568
Successfully changed project path to: /Users/abedassa/Desktop/ZZ/TicTacToe
/Users/abedassa/Desktop/ZZ/TicTacToe
Using Asset Import Pipeline V2.
Refreshing native plugins compatible for Editor in 40.34 ms, found 2 plugins.
Preloading 0 native plugins for Editor in 0.00 ms.
Initialize engine version: 2020.3.3f1 (76626098c1c4)
[Subsystems] Discovering subsystems at path /Applications/2020.3.3f1/Unity.app/Contents/Resources/UnitySubsystems
[Subsystems] Discovering subsystems at path /Users/abedassa/Desktop/ZZ/TicTacToe/Assets
GfxDevice: creating device client; threaded=0
2022-11-13 19:15:25.241 Unity[26640:2394684] Color LCD preferred device: Intel Iris Pro Graphics (low power)
2022-11-13 19:15:25.242 Unity[26640:2394684] Metal devices available: 2
2022-11-13 19:15:25.242 Unity[26640:2394684] 0: AMD Radeon R9 M370X (high power)
2022-11-13 19:15:25.242 Unity[26640:2394684] 1: Intel Iris Pro Graphics (low power)
2022-11-13 19:15:25.242 Unity[26640:2394684] Using device AMD Radeon R9 M370X (high power)
Initializing Metal device caps: AMD Radeon R9 M370X
Initialize mono
Mono path[0] = '/Applications/2020.3.3f1/Unity.app/Contents/Managed'
Mono path[1] = '/Applications/2020.3.3f1/Unity.app/Contents/MonoBleedingEdge/lib/mono/unityjit'
Mono config path = '/Applications/2020.3.3f1/Unity.app/Contents/MonoBleedingEdge/etc'
Using monoOptions --debugger-agent=transport=dt_socket,embedding=1,server=y,suspend=n,address=127.0.0.1:56640
Begin MonoManager ReloadAssembly
Registering precompiled unity dll's ...
Register platform support module: /Applications/2020.3.3f1/PlaybackEngines/WebGLSupport/UnityEditor.WebGL.Extensions.dll
Register platform support module: /Applications/2020.3.3f1/Unity.app/Contents/PlaybackEngines/MacStandaloneSupport/UnityEditor.OSXStandalone.Extensions.dll
Register platform support module: /Applications/2020.3.3f1/PlaybackEngines/WindowsStandaloneSupport/UnityEditor.WindowsStandalone.Extensions.dll
Registered in 0.000978 seconds.
Native extension for WindowsStandalone target not found
Native extension for OSXStandalone target not found
Native extension for WebGL target not found
Refreshing native plugins compatible for Editor in 40.25 ms, found 2 plugins.
Preloading 0 native plugins for Editor in 0.00 ms.
Invoked RoslynAnalysisRunner static constructor.
RoslynAnalysisRunner will not be running.
RoslynAnalysisRunner has terminated.
Mono: successfully reloaded assembly
- Completed reload, in  3.657 seconds
Platform modules already initialized, skipping
Registering precompiled user dll's ...
Registered in 0.000495 seconds.
Begin MonoManager ReloadAssembly
Native extension for WindowsStandalone target not found
Native extension for OSXStandalone target not found
Native extension for WebGL target not found
Refreshing native plugins compatible for Editor in 41.25 ms, found 2 plugins.
Preloading 0 native plugins for Editor in 0.00 ms.
Invoked RoslynAnalysisRunner static constructor.
RoslynAnalysisRunner will not be running.
RoslynAnalysisRunner has terminated.
Mono: successfully reloaded assembly
- Completed reload, in  1.275 seconds
Platform modules already initialized, skipping
========================================================================
Worker process is ready to serve import requests
Launching external process: /Applications/2020.3.3f1/Unity.app/Contents/Tools/UnityShaderCompiler
Launched and connected shader compiler UnityShaderCompiler after 0.01 seconds
Refreshing native plugins compatible for Editor in 0.39 ms, found 2 plugins.
Preloading 0 native plugins for Editor in 0.00 ms.
Unloading 1845 Unused Serialized files (Serialized files now loaded: 0)
System memory in use before: 154.6 MB.
System memory in use after: 154.6 MB.

Unloading 24 unused Assets to reduce memory usage. Loaded Objects now: 2289.
Total: 3.624634 ms (FindLiveObjects: 0.327444 ms CreateObjectMapping: 0.132192 ms MarkObjects: 3.001981 ms  DeleteObjects: 0.161438 ms)

========================================================================
Received Import Request.
  path: Assets/readme.txt
  artifactKey: Guid(66966b2b3ce38451eb57d4b5bd45634d) Importer(815301076,1909f56bfc062723c751e8b465ee728b)
Start importing Assets/readme.txt using Guid(66966b2b3ce38451eb57d4b5bd45634d) Importer(815301076,1909f56bfc062723c751e8b465ee728b)  -> (artifact id: '056487e1694c66468138058d5b3e2ca8') in 3.171925 seconds
  Import took 3.176618 seconds .

